<testsuites id="" name="" tests="174" failures="174" skipped="0" errors="0" time="11.281656">
<testsuite name="360-survey.spec.ts" timestamp="2025-12-04T00:48:50.622Z" hostname="chromium" tests="8" failures="8" skipped="0" time="0.014" errors="0">
<testcase name="360 Feedback Survey Workflow › should display dashboard" classname="360-survey.spec.ts" time="0.001">
<failure message="360-survey.spec.ts:12:7 should display dashboard" type="FAILURE">
<![CDATA[  [chromium] › 360-survey.spec.ts:12:7 › 360 Feedback Survey Workflow › should display dashboard ───

    Error: browserType.launch: Executable doesn't exist at /Users/thomas.palmer/Library/Caches/ms-playwright/chromium_headless_shell-1194/chrome-mac/headless_shell
    ╔═════════════════════════════════════════════════════════════════════════╗
    ║ Looks like Playwright Test or Playwright was just installed or updated. ║
    ║ Please run the following command to download new browsers:              ║
    ║                                                                         ║
    ║     npx playwright install                                              ║
    ║                                                                         ║
    ║ <3 Playwright Team                                                      ║
    ╚═════════════════════════════════════════════════════════════════════════╝
]]>
</failure>
</testcase>
<testcase name="360 Feedback Survey Workflow › should navigate through pages without errors" classname="360-survey.spec.ts" time="0.001">
<failure message="360-survey.spec.ts:18:7 should navigate through pages without errors" type="FAILURE">
<![CDATA[  [chromium] › 360-survey.spec.ts:18:7 › 360 Feedback Survey Workflow › should navigate through pages without errors 

    Error: browserType.launch: Executable doesn't exist at /Users/thomas.palmer/Library/Caches/ms-playwright/chromium_headless_shell-1194/chrome-mac/headless_shell
    ╔═════════════════════════════════════════════════════════════════════════╗
    ║ Looks like Playwright Test or Playwright was just installed or updated. ║
    ║ Please run the following command to download new browsers:              ║
    ║                                                                         ║
    ║     npx playwright install                                              ║
    ║                                                                         ║
    ║ <3 Playwright Team                                                      ║
    ╚═════════════════════════════════════════════════════════════════════════╝
]]>
</failure>
</testcase>
<testcase name="360 Feedback Survey Workflow › should handle form interactions" classname="360-survey.spec.ts" time="0.001">
<failure message="360-survey.spec.ts:41:7 should handle form interactions" type="FAILURE">
<![CDATA[  [chromium] › 360-survey.spec.ts:41:7 › 360 Feedback Survey Workflow › should handle form interactions 

    Error: browserType.launch: Executable doesn't exist at /Users/thomas.palmer/Library/Caches/ms-playwright/chromium_headless_shell-1194/chrome-mac/headless_shell
    ╔═════════════════════════════════════════════════════════════════════════╗
    ║ Looks like Playwright Test or Playwright was just installed or updated. ║
    ║ Please run the following command to download new browsers:              ║
    ║                                                                         ║
    ║     npx playwright install                                              ║
    ║                                                                         ║
    ║ <3 Playwright Team                                                      ║
    ╚═════════════════════════════════════════════════════════════════════════╝
]]>
</failure>
</testcase>
<testcase name="360 Feedback Survey Workflow › should have accessible navigation" classname="360-survey.spec.ts" time="0.003">
<failure message="360-survey.spec.ts:53:7 should have accessible navigation" type="FAILURE">
<![CDATA[  [chromium] › 360-survey.spec.ts:53:7 › 360 Feedback Survey Workflow › should have accessible navigation 

    Error: browserType.launch: Executable doesn't exist at /Users/thomas.palmer/Library/Caches/ms-playwright/chromium_headless_shell-1194/chrome-mac/headless_shell
    ╔═════════════════════════════════════════════════════════════════════════╗
    ║ Looks like Playwright Test or Playwright was just installed or updated. ║
    ║ Please run the following command to download new browsers:              ║
    ║                                                                         ║
    ║     npx playwright install                                              ║
    ║                                                                         ║
    ║ <3 Playwright Team                                                      ║
    ╚═════════════════════════════════════════════════════════════════════════╝
]]>
</failure>
</testcase>
<testcase name="360 Feedback Survey Workflow › should not have broken images" classname="360-survey.spec.ts" time="0.002">
<failure message="360-survey.spec.ts:62:7 should not have broken images" type="FAILURE">
<![CDATA[  [chromium] › 360-survey.spec.ts:62:7 › 360 Feedback Survey Workflow › should not have broken images 

    Error: browserType.launch: Executable doesn't exist at /Users/thomas.palmer/Library/Caches/ms-playwright/chromium_headless_shell-1194/chrome-mac/headless_shell
    ╔═════════════════════════════════════════════════════════════════════════╗
    ║ Looks like Playwright Test or Playwright was just installed or updated. ║
    ║ Please run the following command to download new browsers:              ║
    ║                                                                         ║
    ║     npx playwright install                                              ║
    ║                                                                         ║
    ║ <3 Playwright Team                                                      ║
    ╚═════════════════════════════════════════════════════════════════════════╝
]]>
</failure>
</testcase>
<testcase name="360 Feedback Survey Workflow › should have no critical accessibility violations" classname="360-survey.spec.ts" time="0.003">
<failure message="360-survey.spec.ts:78:7 should have no critical accessibility violations" type="FAILURE">
<![CDATA[  [chromium] › 360-survey.spec.ts:78:7 › 360 Feedback Survey Workflow › should have no critical accessibility violations 

    Error: browserType.launch: Executable doesn't exist at /Users/thomas.palmer/Library/Caches/ms-playwright/chromium_headless_shell-1194/chrome-mac/headless_shell
    ╔═════════════════════════════════════════════════════════════════════════╗
    ║ Looks like Playwright Test or Playwright was just installed or updated. ║
    ║ Please run the following command to download new browsers:              ║
    ║                                                                         ║
    ║     npx playwright install                                              ║
    ║                                                                         ║
    ║ <3 Playwright Team                                                      ║
    ╚═════════════════════════════════════════════════════════════════════════╝
]]>
</failure>
</testcase>
<testcase name="Performance › should load within acceptable time" classname="360-survey.spec.ts" time="0.001">
<failure message="360-survey.spec.ts:93:7 should load within acceptable time" type="FAILURE">
<![CDATA[  [chromium] › 360-survey.spec.ts:93:7 › Performance › should load within acceptable time ──────────

    Error: browserType.launch: Executable doesn't exist at /Users/thomas.palmer/Library/Caches/ms-playwright/chromium_headless_shell-1194/chrome-mac/headless_shell
    ╔═════════════════════════════════════════════════════════════════════════╗
    ║ Looks like Playwright Test or Playwright was just installed or updated. ║
    ║ Please run the following command to download new browsers:              ║
    ║                                                                         ║
    ║     npx playwright install                                              ║
    ║                                                                         ║
    ║ <3 Playwright Team                                                      ║
    ╚═════════════════════════════════════════════════════════════════════════╝
]]>
</failure>
</testcase>
<testcase name="Performance › should have reasonable LCP (Largest Contentful Paint)" classname="360-survey.spec.ts" time="0.002">
<failure message="360-survey.spec.ts:105:7 should have reasonable LCP (Largest Contentful Paint)" type="FAILURE">
<![CDATA[  [chromium] › 360-survey.spec.ts:105:7 › Performance › should have reasonable LCP (Largest Contentful Paint) 

    Error: browserType.launch: Executable doesn't exist at /Users/thomas.palmer/Library/Caches/ms-playwright/chromium_headless_shell-1194/chrome-mac/headless_shell
    ╔═════════════════════════════════════════════════════════════════════════╗
    ║ Looks like Playwright Test or Playwright was just installed or updated. ║
    ║ Please run the following command to download new browsers:              ║
    ║                                                                         ║
    ║     npx playwright install                                              ║
    ║                                                                         ║
    ║ <3 Playwright Team                                                      ║
    ╚═════════════════════════════════════════════════════════════════════════╝
]]>
</failure>
</testcase>
</testsuite>
<testsuite name="accessibility.spec.ts" timestamp="2025-12-04T00:48:50.622Z" hostname="chromium" tests="9" failures="9" skipped="0" time="0.013" errors="0">
<testcase name="Accessibility - WCAG 2.1 AA Compliance › Dashboard should have no critical accessibility violations" classname="accessibility.spec.ts" time="0.001">
<failure message="accessibility.spec.ts:15:7 Dashboard should have no critical accessibility violations" type="FAILURE">
<![CDATA[  [chromium] › accessibility.spec.ts:15:7 › Accessibility - WCAG 2.1 AA Compliance › Dashboard should have no critical accessibility violations 

    Error: browserType.launch: Executable doesn't exist at /Users/thomas.palmer/Library/Caches/ms-playwright/chromium_headless_shell-1194/chrome-mac/headless_shell
    ╔═════════════════════════════════════════════════════════════════════════╗
    ║ Looks like Playwright Test or Playwright was just installed or updated. ║
    ║ Please run the following command to download new browsers:              ║
    ║                                                                         ║
    ║     npx playwright install                                              ║
    ║                                                                         ║
    ║ <3 Playwright Team                                                      ║
    ╚═════════════════════════════════════════════════════════════════════════╝
]]>
</failure>
</testcase>
<testcase name="Accessibility - WCAG 2.1 AA Compliance › All images should have alt text" classname="accessibility.spec.ts" time="0.001">
<failure message="accessibility.spec.ts:40:7 All images should have alt text" type="FAILURE">
<![CDATA[  [chromium] › accessibility.spec.ts:40:7 › Accessibility - WCAG 2.1 AA Compliance › All images should have alt text 

    Error: browserType.launch: Executable doesn't exist at /Users/thomas.palmer/Library/Caches/ms-playwright/chromium_headless_shell-1194/chrome-mac/headless_shell
    ╔═════════════════════════════════════════════════════════════════════════╗
    ║ Looks like Playwright Test or Playwright was just installed or updated. ║
    ║ Please run the following command to download new browsers:              ║
    ║                                                                         ║
    ║     npx playwright install                                              ║
    ║                                                                         ║
    ║ <3 Playwright Team                                                      ║
    ╚═════════════════════════════════════════════════════════════════════════╝
]]>
</failure>
</testcase>
<testcase name="Accessibility - WCAG 2.1 AA Compliance › Interactive elements should be keyboard accessible" classname="accessibility.spec.ts" time="0.002">
<failure message="accessibility.spec.ts:56:7 Interactive elements should be keyboard accessible" type="FAILURE">
<![CDATA[  [chromium] › accessibility.spec.ts:56:7 › Accessibility - WCAG 2.1 AA Compliance › Interactive elements should be keyboard accessible 

    Error: browserType.launch: Executable doesn't exist at /Users/thomas.palmer/Library/Caches/ms-playwright/chromium_headless_shell-1194/chrome-mac/headless_shell
    ╔═════════════════════════════════════════════════════════════════════════╗
    ║ Looks like Playwright Test or Playwright was just installed or updated. ║
    ║ Please run the following command to download new browsers:              ║
    ║                                                                         ║
    ║     npx playwright install                                              ║
    ║                                                                         ║
    ║ <3 Playwright Team                                                      ║
    ╚═════════════════════════════════════════════════════════════════════════╝
]]>
</failure>
</testcase>
<testcase name="Accessibility - WCAG 2.1 AA Compliance › Form inputs should have associated labels" classname="accessibility.spec.ts" time="0.001">
<failure message="accessibility.spec.ts:75:7 Form inputs should have associated labels" type="FAILURE">
<![CDATA[  [chromium] › accessibility.spec.ts:75:7 › Accessibility - WCAG 2.1 AA Compliance › Form inputs should have associated labels 

    Error: browserType.launch: Executable doesn't exist at /Users/thomas.palmer/Library/Caches/ms-playwright/chromium_headless_shell-1194/chrome-mac/headless_shell
    ╔═════════════════════════════════════════════════════════════════════════╗
    ║ Looks like Playwright Test or Playwright was just installed or updated. ║
    ║ Please run the following command to download new browsers:              ║
    ║                                                                         ║
    ║     npx playwright install                                              ║
    ║                                                                         ║
    ║ <3 Playwright Team                                                      ║
    ╚═════════════════════════════════════════════════════════════════════════╝
]]>
</failure>
</testcase>
<testcase name="Accessibility - WCAG 2.1 AA Compliance › Color contrast should meet WCAG AA standards" classname="accessibility.spec.ts" time="0.003">
<failure message="accessibility.spec.ts:113:7 Color contrast should meet WCAG AA standards" type="FAILURE">
<![CDATA[  [chromium] › accessibility.spec.ts:113:7 › Accessibility - WCAG 2.1 AA Compliance › Color contrast should meet WCAG AA standards 

    Error: browserType.launch: Executable doesn't exist at /Users/thomas.palmer/Library/Caches/ms-playwright/chromium_headless_shell-1194/chrome-mac/headless_shell
    ╔═════════════════════════════════════════════════════════════════════════╗
    ║ Looks like Playwright Test or Playwright was just installed or updated. ║
    ║ Please run the following command to download new browsers:              ║
    ║                                                                         ║
    ║     npx playwright install                                              ║
    ║                                                                         ║
    ║ <3 Playwright Team                                                      ║
    ╚═════════════════════════════════════════════════════════════════════════╝
]]>
</failure>
</testcase>
<testcase name="Accessibility - WCAG 2.1 AA Compliance › Page should have proper heading hierarchy" classname="accessibility.spec.ts" time="0.002">
<failure message="accessibility.spec.ts:140:7 Page should have proper heading hierarchy" type="FAILURE">
<![CDATA[  [chromium] › accessibility.spec.ts:140:7 › Accessibility - WCAG 2.1 AA Compliance › Page should have proper heading hierarchy 

    Error: browserType.launch: Executable doesn't exist at /Users/thomas.palmer/Library/Caches/ms-playwright/chromium_headless_shell-1194/chrome-mac/headless_shell
    ╔═════════════════════════════════════════════════════════════════════════╗
    ║ Looks like Playwright Test or Playwright was just installed or updated. ║
    ║ Please run the following command to download new browsers:              ║
    ║                                                                         ║
    ║     npx playwright install                                              ║
    ║                                                                         ║
    ║ <3 Playwright Team                                                      ║
    ╚═════════════════════════════════════════════════════════════════════════╝
]]>
</failure>
</testcase>
<testcase name="Accessibility - WCAG 2.1 AA Compliance › ARIA landmarks should be present" classname="accessibility.spec.ts" time="0.001">
<failure message="accessibility.spec.ts:168:7 ARIA landmarks should be present" type="FAILURE">
<![CDATA[  [chromium] › accessibility.spec.ts:168:7 › Accessibility - WCAG 2.1 AA Compliance › ARIA landmarks should be present 

    Error: browserType.launch: Executable doesn't exist at /Users/thomas.palmer/Library/Caches/ms-playwright/chromium_headless_shell-1194/chrome-mac/headless_shell
    ╔═════════════════════════════════════════════════════════════════════════╗
    ║ Looks like Playwright Test or Playwright was just installed or updated. ║
    ║ Please run the following command to download new browsers:              ║
    ║                                                                         ║
    ║     npx playwright install                                              ║
    ║                                                                         ║
    ║ <3 Playwright Team                                                      ║
    ╚═════════════════════════════════════════════════════════════════════════╝
]]>
</failure>
</testcase>
<testcase name="Accessibility - WCAG 2.1 AA Compliance › Focus should be visible on interactive elements" classname="accessibility.spec.ts" time="0.001">
<failure message="accessibility.spec.ts:187:7 Focus should be visible on interactive elements" type="FAILURE">
<![CDATA[  [chromium] › accessibility.spec.ts:187:7 › Accessibility - WCAG 2.1 AA Compliance › Focus should be visible on interactive elements 

    Error: browserType.launch: Executable doesn't exist at /Users/thomas.palmer/Library/Caches/ms-playwright/chromium_headless_shell-1194/chrome-mac/headless_shell
    ╔═════════════════════════════════════════════════════════════════════════╗
    ║ Looks like Playwright Test or Playwright was just installed or updated. ║
    ║ Please run the following command to download new browsers:              ║
    ║                                                                         ║
    ║     npx playwright install                                              ║
    ║                                                                         ║
    ║ <3 Playwright Team                                                      ║
    ╚═════════════════════════════════════════════════════════════════════════╝
]]>
</failure>
</testcase>
<testcase name="Accessibility - Mobile Responsiveness › Touch targets should be at least 44x44 pixels" classname="accessibility.spec.ts" time="0.001">
<failure message="accessibility.spec.ts:223:7 Touch targets should be at least 44x44 pixels" type="FAILURE">
<![CDATA[  [chromium] › accessibility.spec.ts:223:7 › Accessibility - Mobile Responsiveness › Touch targets should be at least 44x44 pixels 

    Error: browserType.launch: Executable doesn't exist at /Users/thomas.palmer/Library/Caches/ms-playwright/chromium_headless_shell-1194/chrome-mac/headless_shell
    ╔═════════════════════════════════════════════════════════════════════════╗
    ║ Looks like Playwright Test or Playwright was just installed or updated. ║
    ║ Please run the following command to download new browsers:              ║
    ║                                                                         ║
    ║     npx playwright install                                              ║
    ║                                                                         ║
    ║ <3 Playwright Team                                                      ║
    ╚═════════════════════════════════════════════════════════════════════════╝
]]>
</failure>
</testcase>
</testsuite>
<testsuite name="visual-regression.spec.ts" timestamp="2025-12-04T00:48:50.622Z" hostname="chromium" tests="12" failures="12" skipped="0" time="0.025" errors="0">
<testcase name="Visual Regression - Dashboard › Dashboard layout should match snapshot" classname="visual-regression.spec.ts" time="0.002">
<failure message="visual-regression.spec.ts:20:7 Dashboard layout should match snapshot" type="FAILURE">
<![CDATA[  [chromium] › visual-regression.spec.ts:20:7 › Visual Regression - Dashboard › Dashboard layout should match snapshot 

    Error: browserType.launch: Executable doesn't exist at /Users/thomas.palmer/Library/Caches/ms-playwright/chromium_headless_shell-1194/chrome-mac/headless_shell
    ╔═════════════════════════════════════════════════════════════════════════╗
    ║ Looks like Playwright Test or Playwright was just installed or updated. ║
    ║ Please run the following command to download new browsers:              ║
    ║                                                                         ║
    ║     npx playwright install                                              ║
    ║                                                                         ║
    ║ <3 Playwright Team                                                      ║
    ╚═════════════════════════════════════════════════════════════════════════╝
]]>
</failure>
</testcase>
<testcase name="Visual Regression - Dashboard › Navigation sidebar should match snapshot" classname="visual-regression.spec.ts" time="0.001">
<failure message="visual-regression.spec.ts:37:7 Navigation sidebar should match snapshot" type="FAILURE">
<![CDATA[  [chromium] › visual-regression.spec.ts:37:7 › Visual Regression - Dashboard › Navigation sidebar should match snapshot 

    Error: browserType.launch: Executable doesn't exist at /Users/thomas.palmer/Library/Caches/ms-playwright/chromium_headless_shell-1194/chrome-mac/headless_shell
    ╔═════════════════════════════════════════════════════════════════════════╗
    ║ Looks like Playwright Test or Playwright was just installed or updated. ║
    ║ Please run the following command to download new browsers:              ║
    ║                                                                         ║
    ║     npx playwright install                                              ║
    ║                                                                         ║
    ║ <3 Playwright Team                                                      ║
    ╚═════════════════════════════════════════════════════════════════════════╝
]]>
</failure>
</testcase>
<testcase name="Visual Regression - Responsive Breakpoints › Dashboard at mobile (375x667)" classname="visual-regression.spec.ts" time="0.001">
<failure message="visual-regression.spec.ts:58:9 Dashboard at mobile (375x667)" type="FAILURE">
<![CDATA[  [chromium] › visual-regression.spec.ts:58:9 › Visual Regression - Responsive Breakpoints › Dashboard at mobile (375x667) 

    Error: browserType.launch: Executable doesn't exist at /Users/thomas.palmer/Library/Caches/ms-playwright/chromium_headless_shell-1194/chrome-mac/headless_shell
    ╔═════════════════════════════════════════════════════════════════════════╗
    ║ Looks like Playwright Test or Playwright was just installed or updated. ║
    ║ Please run the following command to download new browsers:              ║
    ║                                                                         ║
    ║     npx playwright install                                              ║
    ║                                                                         ║
    ║ <3 Playwright Team                                                      ║
    ╚═════════════════════════════════════════════════════════════════════════╝
]]>
</failure>
</testcase>
<testcase name="Visual Regression - Responsive Breakpoints › Dashboard at tablet (768x1024)" classname="visual-regression.spec.ts" time="0.002">
<failure message="visual-regression.spec.ts:58:9 Dashboard at tablet (768x1024)" type="FAILURE">
<![CDATA[  [chromium] › visual-regression.spec.ts:58:9 › Visual Regression - Responsive Breakpoints › Dashboard at tablet (768x1024) 

    Error: browserType.launch: Executable doesn't exist at /Users/thomas.palmer/Library/Caches/ms-playwright/chromium_headless_shell-1194/chrome-mac/headless_shell
    ╔═════════════════════════════════════════════════════════════════════════╗
    ║ Looks like Playwright Test or Playwright was just installed or updated. ║
    ║ Please run the following command to download new browsers:              ║
    ║                                                                         ║
    ║     npx playwright install                                              ║
    ║                                                                         ║
    ║ <3 Playwright Team                                                      ║
    ╚═════════════════════════════════════════════════════════════════════════╝
]]>
</failure>
</testcase>
<testcase name="Visual Regression - Responsive Breakpoints › Dashboard at desktop (1280x720)" classname="visual-regression.spec.ts" time="0.001">
<failure message="visual-regression.spec.ts:58:9 Dashboard at desktop (1280x720)" type="FAILURE">
<![CDATA[  [chromium] › visual-regression.spec.ts:58:9 › Visual Regression - Responsive Breakpoints › Dashboard at desktop (1280x720) 

    Error: browserType.launch: Executable doesn't exist at /Users/thomas.palmer/Library/Caches/ms-playwright/chromium_headless_shell-1194/chrome-mac/headless_shell
    ╔═════════════════════════════════════════════════════════════════════════╗
    ║ Looks like Playwright Test or Playwright was just installed or updated. ║
    ║ Please run the following command to download new browsers:              ║
    ║                                                                         ║
    ║     npx playwright install                                              ║
    ║                                                                         ║
    ║ <3 Playwright Team                                                      ║
    ╚═════════════════════════════════════════════════════════════════════════╝
]]>
</failure>
</testcase>
<testcase name="Visual Regression - Responsive Breakpoints › Dashboard at wide (1920x1080)" classname="visual-regression.spec.ts" time="0.001">
<failure message="visual-regression.spec.ts:58:9 Dashboard at wide (1920x1080)" type="FAILURE">
<![CDATA[  [chromium] › visual-regression.spec.ts:58:9 › Visual Regression - Responsive Breakpoints › Dashboard at wide (1920x1080) 

    Error: browserType.launch: Executable doesn't exist at /Users/thomas.palmer/Library/Caches/ms-playwright/chromium_headless_shell-1194/chrome-mac/headless_shell
    ╔═════════════════════════════════════════════════════════════════════════╗
    ║ Looks like Playwright Test or Playwright was just installed or updated. ║
    ║ Please run the following command to download new browsers:              ║
    ║                                                                         ║
    ║     npx playwright install                                              ║
    ║                                                                         ║
    ║ <3 Playwright Team                                                      ║
    ╚═════════════════════════════════════════════════════════════════════════╝
]]>
</failure>
</testcase>
<testcase name="Visual Regression - Interactive States › Button hover state should match snapshot" classname="visual-regression.spec.ts" time="0.006">
<failure message="visual-regression.spec.ts:79:7 Button hover state should match snapshot" type="FAILURE">
<![CDATA[  [chromium] › visual-regression.spec.ts:79:7 › Visual Regression - Interactive States › Button hover state should match snapshot 

    Error: browserType.launch: Executable doesn't exist at /Users/thomas.palmer/Library/Caches/ms-playwright/chromium_headless_shell-1194/chrome-mac/headless_shell
    ╔═════════════════════════════════════════════════════════════════════════╗
    ║ Looks like Playwright Test or Playwright was just installed or updated. ║
    ║ Please run the following command to download new browsers:              ║
    ║                                                                         ║
    ║     npx playwright install                                              ║
    ║                                                                         ║
    ║ <3 Playwright Team                                                      ║
    ╚═════════════════════════════════════════════════════════════════════════╝
]]>
</failure>
</testcase>
<testcase name="Visual Regression - Interactive States › Input focus state should match snapshot" classname="visual-regression.spec.ts" time="0.001">
<failure message="visual-regression.spec.ts:96:7 Input focus state should match snapshot" type="FAILURE">
<![CDATA[  [chromium] › visual-regression.spec.ts:96:7 › Visual Regression - Interactive States › Input focus state should match snapshot 

    Error: browserType.launch: Executable doesn't exist at /Users/thomas.palmer/Library/Caches/ms-playwright/chromium_headless_shell-1194/chrome-mac/headless_shell
    ╔═════════════════════════════════════════════════════════════════════════╗
    ║ Looks like Playwright Test or Playwright was just installed or updated. ║
    ║ Please run the following command to download new browsers:              ║
    ║                                                                         ║
    ║     npx playwright install                                              ║
    ║                                                                         ║
    ║ <3 Playwright Team                                                      ║
    ╚═════════════════════════════════════════════════════════════════════════╝
]]>
</failure>
</testcase>
<testcase name="Visual Regression - Theme Consistency › Color scheme should be consistent" classname="visual-regression.spec.ts" time="0.002">
<failure message="visual-regression.spec.ts:115:7 Color scheme should be consistent" type="FAILURE">
<![CDATA[  [chromium] › visual-regression.spec.ts:115:7 › Visual Regression - Theme Consistency › Color scheme should be consistent 

    Error: browserType.launch: Executable doesn't exist at /Users/thomas.palmer/Library/Caches/ms-playwright/chromium_headless_shell-1194/chrome-mac/headless_shell
    ╔═════════════════════════════════════════════════════════════════════════╗
    ║ Looks like Playwright Test or Playwright was just installed or updated. ║
    ║ Please run the following command to download new browsers:              ║
    ║                                                                         ║
    ║     npx playwright install                                              ║
    ║                                                                         ║
    ║ <3 Playwright Team                                                      ║
    ╚═════════════════════════════════════════════════════════════════════════╝
]]>
</failure>
</testcase>
<testcase name="Visual Regression - Component Library › Cards should render consistently" classname="visual-regression.spec.ts" time="0.003">
<failure message="visual-regression.spec.ts:136:7 Cards should render consistently" type="FAILURE">
<![CDATA[  [chromium] › visual-regression.spec.ts:136:7 › Visual Regression - Component Library › Cards should render consistently 

    Error: browserType.launch: Executable doesn't exist at /Users/thomas.palmer/Library/Caches/ms-playwright/chromium_headless_shell-1194/chrome-mac/headless_shell
    ╔═════════════════════════════════════════════════════════════════════════╗
    ║ Looks like Playwright Test or Playwright was just installed or updated. ║
    ║ Please run the following command to download new browsers:              ║
    ║                                                                         ║
    ║     npx playwright install                                              ║
    ║                                                                         ║
    ║ <3 Playwright Team                                                      ║
    ╚═════════════════════════════════════════════════════════════════════════╝
]]>
</failure>
</testcase>
<testcase name="Visual Regression - Component Library › Modals should render consistently" classname="visual-regression.spec.ts" time="0.003">
<failure message="visual-regression.spec.ts:153:7 Modals should render consistently" type="FAILURE">
<![CDATA[  [chromium] › visual-regression.spec.ts:153:7 › Visual Regression - Component Library › Modals should render consistently 

    Error: browserType.launch: Executable doesn't exist at /Users/thomas.palmer/Library/Caches/ms-playwright/chromium_headless_shell-1194/chrome-mac/headless_shell
    ╔═════════════════════════════════════════════════════════════════════════╗
    ║ Looks like Playwright Test or Playwright was just installed or updated. ║
    ║ Please run the following command to download new browsers:              ║
    ║                                                                         ║
    ║     npx playwright install                                              ║
    ║                                                                         ║
    ║ <3 Playwright Team                                                      ║
    ╚═════════════════════════════════════════════════════════════════════════╝
]]>
</failure>
</testcase>
<testcase name="Visual Regression - Error States › 404 page should match snapshot" classname="visual-regression.spec.ts" time="0.002">
<failure message="visual-regression.spec.ts:185:7 404 page should match snapshot" type="FAILURE">
<![CDATA[  [chromium] › visual-regression.spec.ts:185:7 › Visual Regression - Error States › 404 page should match snapshot 

    Error: browserType.launch: Executable doesn't exist at /Users/thomas.palmer/Library/Caches/ms-playwright/chromium_headless_shell-1194/chrome-mac/headless_shell
    ╔═════════════════════════════════════════════════════════════════════════╗
    ║ Looks like Playwright Test or Playwright was just installed or updated. ║
    ║ Please run the following command to download new browsers:              ║
    ║                                                                         ║
    ║     npx playwright install                                              ║
    ║                                                                         ║
    ║ <3 Playwright Team                                                      ║
    ╚═════════════════════════════════════════════════════════════════════════╝
]]>
</failure>
</testcase>
</testsuite>
<testsuite name="360-survey.spec.ts" timestamp="2025-12-04T00:48:50.622Z" hostname="firefox" tests="8" failures="8" skipped="0" time="0.013" errors="0">
<testcase name="360 Feedback Survey Workflow › should display dashboard" classname="360-survey.spec.ts" time="0.001">
<failure message="360-survey.spec.ts:12:7 should display dashboard" type="FAILURE">
<![CDATA[  [firefox] › 360-survey.spec.ts:12:7 › 360 Feedback Survey Workflow › should display dashboard ────

    Error: browserType.launch: Executable doesn't exist at /Users/thomas.palmer/Library/Caches/ms-playwright/firefox-1495/firefox/Nightly.app/Contents/MacOS/firefox
    ╔═════════════════════════════════════════════════════════════════════════╗
    ║ Looks like Playwright Test or Playwright was just installed or updated. ║
    ║ Please run the following command to download new browsers:              ║
    ║                                                                         ║
    ║     npx playwright install                                              ║
    ║                                                                         ║
    ║ <3 Playwright Team                                                      ║
    ╚═════════════════════════════════════════════════════════════════════════╝
]]>
</failure>
</testcase>
<testcase name="360 Feedback Survey Workflow › should navigate through pages without errors" classname="360-survey.spec.ts" time="0.002">
<failure message="360-survey.spec.ts:18:7 should navigate through pages without errors" type="FAILURE">
<![CDATA[  [firefox] › 360-survey.spec.ts:18:7 › 360 Feedback Survey Workflow › should navigate through pages without errors 

    Error: browserType.launch: Executable doesn't exist at /Users/thomas.palmer/Library/Caches/ms-playwright/firefox-1495/firefox/Nightly.app/Contents/MacOS/firefox
    ╔═════════════════════════════════════════════════════════════════════════╗
    ║ Looks like Playwright Test or Playwright was just installed or updated. ║
    ║ Please run the following command to download new browsers:              ║
    ║                                                                         ║
    ║     npx playwright install                                              ║
    ║                                                                         ║
    ║ <3 Playwright Team                                                      ║
    ╚═════════════════════════════════════════════════════════════════════════╝
]]>
</failure>
</testcase>
<testcase name="360 Feedback Survey Workflow › should handle form interactions" classname="360-survey.spec.ts" time="0.002">
<failure message="360-survey.spec.ts:41:7 should handle form interactions" type="FAILURE">
<![CDATA[  [firefox] › 360-survey.spec.ts:41:7 › 360 Feedback Survey Workflow › should handle form interactions 

    Error: browserType.launch: Executable doesn't exist at /Users/thomas.palmer/Library/Caches/ms-playwright/firefox-1495/firefox/Nightly.app/Contents/MacOS/firefox
    ╔═════════════════════════════════════════════════════════════════════════╗
    ║ Looks like Playwright Test or Playwright was just installed or updated. ║
    ║ Please run the following command to download new browsers:              ║
    ║                                                                         ║
    ║     npx playwright install                                              ║
    ║                                                                         ║
    ║ <3 Playwright Team                                                      ║
    ╚═════════════════════════════════════════════════════════════════════════╝
]]>
</failure>
</testcase>
<testcase name="360 Feedback Survey Workflow › should have accessible navigation" classname="360-survey.spec.ts" time="0.002">
<failure message="360-survey.spec.ts:53:7 should have accessible navigation" type="FAILURE">
<![CDATA[  [firefox] › 360-survey.spec.ts:53:7 › 360 Feedback Survey Workflow › should have accessible navigation 

    Error: browserType.launch: Executable doesn't exist at /Users/thomas.palmer/Library/Caches/ms-playwright/firefox-1495/firefox/Nightly.app/Contents/MacOS/firefox
    ╔═════════════════════════════════════════════════════════════════════════╗
    ║ Looks like Playwright Test or Playwright was just installed or updated. ║
    ║ Please run the following command to download new browsers:              ║
    ║                                                                         ║
    ║     npx playwright install                                              ║
    ║                                                                         ║
    ║ <3 Playwright Team                                                      ║
    ╚═════════════════════════════════════════════════════════════════════════╝
]]>
</failure>
</testcase>
<testcase name="360 Feedback Survey Workflow › should not have broken images" classname="360-survey.spec.ts" time="0.002">
<failure message="360-survey.spec.ts:62:7 should not have broken images" type="FAILURE">
<![CDATA[  [firefox] › 360-survey.spec.ts:62:7 › 360 Feedback Survey Workflow › should not have broken images 

    Error: browserType.launch: Executable doesn't exist at /Users/thomas.palmer/Library/Caches/ms-playwright/firefox-1495/firefox/Nightly.app/Contents/MacOS/firefox
    ╔═════════════════════════════════════════════════════════════════════════╗
    ║ Looks like Playwright Test or Playwright was just installed or updated. ║
    ║ Please run the following command to download new browsers:              ║
    ║                                                                         ║
    ║     npx playwright install                                              ║
    ║                                                                         ║
    ║ <3 Playwright Team                                                      ║
    ╚═════════════════════════════════════════════════════════════════════════╝
]]>
</failure>
</testcase>
<testcase name="360 Feedback Survey Workflow › should have no critical accessibility violations" classname="360-survey.spec.ts" time="0.001">
<failure message="360-survey.spec.ts:78:7 should have no critical accessibility violations" type="FAILURE">
<![CDATA[  [firefox] › 360-survey.spec.ts:78:7 › 360 Feedback Survey Workflow › should have no critical accessibility violations 

    Error: browserType.launch: Executable doesn't exist at /Users/thomas.palmer/Library/Caches/ms-playwright/firefox-1495/firefox/Nightly.app/Contents/MacOS/firefox
    ╔═════════════════════════════════════════════════════════════════════════╗
    ║ Looks like Playwright Test or Playwright was just installed or updated. ║
    ║ Please run the following command to download new browsers:              ║
    ║                                                                         ║
    ║     npx playwright install                                              ║
    ║                                                                         ║
    ║ <3 Playwright Team                                                      ║
    ╚═════════════════════════════════════════════════════════════════════════╝
]]>
</failure>
</testcase>
<testcase name="Performance › should load within acceptable time" classname="360-survey.spec.ts" time="0.001">
<failure message="360-survey.spec.ts:93:7 should load within acceptable time" type="FAILURE">
<![CDATA[  [firefox] › 360-survey.spec.ts:93:7 › Performance › should load within acceptable time ───────────

    Error: browserType.launch: Executable doesn't exist at /Users/thomas.palmer/Library/Caches/ms-playwright/firefox-1495/firefox/Nightly.app/Contents/MacOS/firefox
    ╔═════════════════════════════════════════════════════════════════════════╗
    ║ Looks like Playwright Test or Playwright was just installed or updated. ║
    ║ Please run the following command to download new browsers:              ║
    ║                                                                         ║
    ║     npx playwright install                                              ║
    ║                                                                         ║
    ║ <3 Playwright Team                                                      ║
    ╚═════════════════════════════════════════════════════════════════════════╝
]]>
</failure>
</testcase>
<testcase name="Performance › should have reasonable LCP (Largest Contentful Paint)" classname="360-survey.spec.ts" time="0.002">
<failure message="360-survey.spec.ts:105:7 should have reasonable LCP (Largest Contentful Paint)" type="FAILURE">
<![CDATA[  [firefox] › 360-survey.spec.ts:105:7 › Performance › should have reasonable LCP (Largest Contentful Paint) 

    Error: browserType.launch: Executable doesn't exist at /Users/thomas.palmer/Library/Caches/ms-playwright/firefox-1495/firefox/Nightly.app/Contents/MacOS/firefox
    ╔═════════════════════════════════════════════════════════════════════════╗
    ║ Looks like Playwright Test or Playwright was just installed or updated. ║
    ║ Please run the following command to download new browsers:              ║
    ║                                                                         ║
    ║     npx playwright install                                              ║
    ║                                                                         ║
    ║ <3 Playwright Team                                                      ║
    ╚═════════════════════════════════════════════════════════════════════════╝
]]>
</failure>
</testcase>
</testsuite>
<testsuite name="accessibility.spec.ts" timestamp="2025-12-04T00:48:50.622Z" hostname="firefox" tests="9" failures="9" skipped="0" time="0.018" errors="0">
<testcase name="Accessibility - WCAG 2.1 AA Compliance › Dashboard should have no critical accessibility violations" classname="accessibility.spec.ts" time="0.002">
<failure message="accessibility.spec.ts:15:7 Dashboard should have no critical accessibility violations" type="FAILURE">
<![CDATA[  [firefox] › accessibility.spec.ts:15:7 › Accessibility - WCAG 2.1 AA Compliance › Dashboard should have no critical accessibility violations 

    Error: browserType.launch: Executable doesn't exist at /Users/thomas.palmer/Library/Caches/ms-playwright/firefox-1495/firefox/Nightly.app/Contents/MacOS/firefox
    ╔═════════════════════════════════════════════════════════════════════════╗
    ║ Looks like Playwright Test or Playwright was just installed or updated. ║
    ║ Please run the following command to download new browsers:              ║
    ║                                                                         ║
    ║     npx playwright install                                              ║
    ║                                                                         ║
    ║ <3 Playwright Team                                                      ║
    ╚═════════════════════════════════════════════════════════════════════════╝
]]>
</failure>
</testcase>
<testcase name="Accessibility - WCAG 2.1 AA Compliance › All images should have alt text" classname="accessibility.spec.ts" time="0.001">
<failure message="accessibility.spec.ts:40:7 All images should have alt text" type="FAILURE">
<![CDATA[  [firefox] › accessibility.spec.ts:40:7 › Accessibility - WCAG 2.1 AA Compliance › All images should have alt text 

    Error: browserType.launch: Executable doesn't exist at /Users/thomas.palmer/Library/Caches/ms-playwright/firefox-1495/firefox/Nightly.app/Contents/MacOS/firefox
    ╔═════════════════════════════════════════════════════════════════════════╗
    ║ Looks like Playwright Test or Playwright was just installed or updated. ║
    ║ Please run the following command to download new browsers:              ║
    ║                                                                         ║
    ║     npx playwright install                                              ║
    ║                                                                         ║
    ║ <3 Playwright Team                                                      ║
    ╚═════════════════════════════════════════════════════════════════════════╝
]]>
</failure>
</testcase>
<testcase name="Accessibility - WCAG 2.1 AA Compliance › Interactive elements should be keyboard accessible" classname="accessibility.spec.ts" time="0.002">
<failure message="accessibility.spec.ts:56:7 Interactive elements should be keyboard accessible" type="FAILURE">
<![CDATA[  [firefox] › accessibility.spec.ts:56:7 › Accessibility - WCAG 2.1 AA Compliance › Interactive elements should be keyboard accessible 

    Error: browserType.launch: Executable doesn't exist at /Users/thomas.palmer/Library/Caches/ms-playwright/firefox-1495/firefox/Nightly.app/Contents/MacOS/firefox
    ╔═════════════════════════════════════════════════════════════════════════╗
    ║ Looks like Playwright Test or Playwright was just installed or updated. ║
    ║ Please run the following command to download new browsers:              ║
    ║                                                                         ║
    ║     npx playwright install                                              ║
    ║                                                                         ║
    ║ <3 Playwright Team                                                      ║
    ╚═════════════════════════════════════════════════════════════════════════╝
]]>
</failure>
</testcase>
<testcase name="Accessibility - WCAG 2.1 AA Compliance › Form inputs should have associated labels" classname="accessibility.spec.ts" time="0.004">
<failure message="accessibility.spec.ts:75:7 Form inputs should have associated labels" type="FAILURE">
<![CDATA[  [firefox] › accessibility.spec.ts:75:7 › Accessibility - WCAG 2.1 AA Compliance › Form inputs should have associated labels 

    Error: browserType.launch: Executable doesn't exist at /Users/thomas.palmer/Library/Caches/ms-playwright/firefox-1495/firefox/Nightly.app/Contents/MacOS/firefox
    ╔═════════════════════════════════════════════════════════════════════════╗
    ║ Looks like Playwright Test or Playwright was just installed or updated. ║
    ║ Please run the following command to download new browsers:              ║
    ║                                                                         ║
    ║     npx playwright install                                              ║
    ║                                                                         ║
    ║ <3 Playwright Team                                                      ║
    ╚═════════════════════════════════════════════════════════════════════════╝
]]>
</failure>
</testcase>
<testcase name="Accessibility - WCAG 2.1 AA Compliance › Color contrast should meet WCAG AA standards" classname="accessibility.spec.ts" time="0.003">
<failure message="accessibility.spec.ts:113:7 Color contrast should meet WCAG AA standards" type="FAILURE">
<![CDATA[  [firefox] › accessibility.spec.ts:113:7 › Accessibility - WCAG 2.1 AA Compliance › Color contrast should meet WCAG AA standards 

    Error: browserType.launch: Executable doesn't exist at /Users/thomas.palmer/Library/Caches/ms-playwright/firefox-1495/firefox/Nightly.app/Contents/MacOS/firefox
    ╔═════════════════════════════════════════════════════════════════════════╗
    ║ Looks like Playwright Test or Playwright was just installed or updated. ║
    ║ Please run the following command to download new browsers:              ║
    ║                                                                         ║
    ║     npx playwright install                                              ║
    ║                                                                         ║
    ║ <3 Playwright Team                                                      ║
    ╚═════════════════════════════════════════════════════════════════════════╝
]]>
</failure>
</testcase>
<testcase name="Accessibility - WCAG 2.1 AA Compliance › Page should have proper heading hierarchy" classname="accessibility.spec.ts" time="0.002">
<failure message="accessibility.spec.ts:140:7 Page should have proper heading hierarchy" type="FAILURE">
<![CDATA[  [firefox] › accessibility.spec.ts:140:7 › Accessibility - WCAG 2.1 AA Compliance › Page should have proper heading hierarchy 

    Error: browserType.launch: Executable doesn't exist at /Users/thomas.palmer/Library/Caches/ms-playwright/firefox-1495/firefox/Nightly.app/Contents/MacOS/firefox
    ╔═════════════════════════════════════════════════════════════════════════╗
    ║ Looks like Playwright Test or Playwright was just installed or updated. ║
    ║ Please run the following command to download new browsers:              ║
    ║                                                                         ║
    ║     npx playwright install                                              ║
    ║                                                                         ║
    ║ <3 Playwright Team                                                      ║
    ╚═════════════════════════════════════════════════════════════════════════╝
]]>
</failure>
</testcase>
<testcase name="Accessibility - WCAG 2.1 AA Compliance › ARIA landmarks should be present" classname="accessibility.spec.ts" time="0.001">
<failure message="accessibility.spec.ts:168:7 ARIA landmarks should be present" type="FAILURE">
<![CDATA[  [firefox] › accessibility.spec.ts:168:7 › Accessibility - WCAG 2.1 AA Compliance › ARIA landmarks should be present 

    Error: browserType.launch: Executable doesn't exist at /Users/thomas.palmer/Library/Caches/ms-playwright/firefox-1495/firefox/Nightly.app/Contents/MacOS/firefox
    ╔═════════════════════════════════════════════════════════════════════════╗
    ║ Looks like Playwright Test or Playwright was just installed or updated. ║
    ║ Please run the following command to download new browsers:              ║
    ║                                                                         ║
    ║     npx playwright install                                              ║
    ║                                                                         ║
    ║ <3 Playwright Team                                                      ║
    ╚═════════════════════════════════════════════════════════════════════════╝
]]>
</failure>
</testcase>
<testcase name="Accessibility - WCAG 2.1 AA Compliance › Focus should be visible on interactive elements" classname="accessibility.spec.ts" time="0.001">
<failure message="accessibility.spec.ts:187:7 Focus should be visible on interactive elements" type="FAILURE">
<![CDATA[  [firefox] › accessibility.spec.ts:187:7 › Accessibility - WCAG 2.1 AA Compliance › Focus should be visible on interactive elements 

    Error: browserType.launch: Executable doesn't exist at /Users/thomas.palmer/Library/Caches/ms-playwright/firefox-1495/firefox/Nightly.app/Contents/MacOS/firefox
    ╔═════════════════════════════════════════════════════════════════════════╗
    ║ Looks like Playwright Test or Playwright was just installed or updated. ║
    ║ Please run the following command to download new browsers:              ║
    ║                                                                         ║
    ║     npx playwright install                                              ║
    ║                                                                         ║
    ║ <3 Playwright Team                                                      ║
    ╚═════════════════════════════════════════════════════════════════════════╝
]]>
</failure>
</testcase>
<testcase name="Accessibility - Mobile Responsiveness › Touch targets should be at least 44x44 pixels" classname="accessibility.spec.ts" time="0.002">
<failure message="accessibility.spec.ts:223:7 Touch targets should be at least 44x44 pixels" type="FAILURE">
<![CDATA[  [firefox] › accessibility.spec.ts:223:7 › Accessibility - Mobile Responsiveness › Touch targets should be at least 44x44 pixels 

    Error: browserType.launch: Executable doesn't exist at /Users/thomas.palmer/Library/Caches/ms-playwright/firefox-1495/firefox/Nightly.app/Contents/MacOS/firefox
    ╔═════════════════════════════════════════════════════════════════════════╗
    ║ Looks like Playwright Test or Playwright was just installed or updated. ║
    ║ Please run the following command to download new browsers:              ║
    ║                                                                         ║
    ║     npx playwright install                                              ║
    ║                                                                         ║
    ║ <3 Playwright Team                                                      ║
    ╚═════════════════════════════════════════════════════════════════════════╝
]]>
</failure>
</testcase>
</testsuite>
<testsuite name="visual-regression.spec.ts" timestamp="2025-12-04T00:48:50.622Z" hostname="firefox" tests="12" failures="12" skipped="0" time="0.014" errors="0">
<testcase name="Visual Regression - Dashboard › Dashboard layout should match snapshot" classname="visual-regression.spec.ts" time="0.001">
<failure message="visual-regression.spec.ts:20:7 Dashboard layout should match snapshot" type="FAILURE">
<![CDATA[  [firefox] › visual-regression.spec.ts:20:7 › Visual Regression - Dashboard › Dashboard layout should match snapshot 

    Error: browserType.launch: Executable doesn't exist at /Users/thomas.palmer/Library/Caches/ms-playwright/firefox-1495/firefox/Nightly.app/Contents/MacOS/firefox
    ╔═════════════════════════════════════════════════════════════════════════╗
    ║ Looks like Playwright Test or Playwright was just installed or updated. ║
    ║ Please run the following command to download new browsers:              ║
    ║                                                                         ║
    ║     npx playwright install                                              ║
    ║                                                                         ║
    ║ <3 Playwright Team                                                      ║
    ╚═════════════════════════════════════════════════════════════════════════╝
]]>
</failure>
</testcase>
<testcase name="Visual Regression - Dashboard › Navigation sidebar should match snapshot" classname="visual-regression.spec.ts" time="0.001">
<failure message="visual-regression.spec.ts:37:7 Navigation sidebar should match snapshot" type="FAILURE">
<![CDATA[  [firefox] › visual-regression.spec.ts:37:7 › Visual Regression - Dashboard › Navigation sidebar should match snapshot 

    Error: browserType.launch: Executable doesn't exist at /Users/thomas.palmer/Library/Caches/ms-playwright/firefox-1495/firefox/Nightly.app/Contents/MacOS/firefox
    ╔═════════════════════════════════════════════════════════════════════════╗
    ║ Looks like Playwright Test or Playwright was just installed or updated. ║
    ║ Please run the following command to download new browsers:              ║
    ║                                                                         ║
    ║     npx playwright install                                              ║
    ║                                                                         ║
    ║ <3 Playwright Team                                                      ║
    ╚═════════════════════════════════════════════════════════════════════════╝
]]>
</failure>
</testcase>
<testcase name="Visual Regression - Responsive Breakpoints › Dashboard at mobile (375x667)" classname="visual-regression.spec.ts" time="0.001">
<failure message="visual-regression.spec.ts:58:9 Dashboard at mobile (375x667)" type="FAILURE">
<![CDATA[  [firefox] › visual-regression.spec.ts:58:9 › Visual Regression - Responsive Breakpoints › Dashboard at mobile (375x667) 

    Error: browserType.launch: Executable doesn't exist at /Users/thomas.palmer/Library/Caches/ms-playwright/firefox-1495/firefox/Nightly.app/Contents/MacOS/firefox
    ╔═════════════════════════════════════════════════════════════════════════╗
    ║ Looks like Playwright Test or Playwright was just installed or updated. ║
    ║ Please run the following command to download new browsers:              ║
    ║                                                                         ║
    ║     npx playwright install                                              ║
    ║                                                                         ║
    ║ <3 Playwright Team                                                      ║
    ╚═════════════════════════════════════════════════════════════════════════╝
]]>
</failure>
</testcase>
<testcase name="Visual Regression - Responsive Breakpoints › Dashboard at tablet (768x1024)" classname="visual-regression.spec.ts" time="0.001">
<failure message="visual-regression.spec.ts:58:9 Dashboard at tablet (768x1024)" type="FAILURE">
<![CDATA[  [firefox] › visual-regression.spec.ts:58:9 › Visual Regression - Responsive Breakpoints › Dashboard at tablet (768x1024) 

    Error: browserType.launch: Executable doesn't exist at /Users/thomas.palmer/Library/Caches/ms-playwright/firefox-1495/firefox/Nightly.app/Contents/MacOS/firefox
    ╔═════════════════════════════════════════════════════════════════════════╗
    ║ Looks like Playwright Test or Playwright was just installed or updated. ║
    ║ Please run the following command to download new browsers:              ║
    ║                                                                         ║
    ║     npx playwright install                                              ║
    ║                                                                         ║
    ║ <3 Playwright Team                                                      ║
    ╚═════════════════════════════════════════════════════════════════════════╝
]]>
</failure>
</testcase>
<testcase name="Visual Regression - Responsive Breakpoints › Dashboard at desktop (1280x720)" classname="visual-regression.spec.ts" time="0.001">
<failure message="visual-regression.spec.ts:58:9 Dashboard at desktop (1280x720)" type="FAILURE">
<![CDATA[  [firefox] › visual-regression.spec.ts:58:9 › Visual Regression - Responsive Breakpoints › Dashboard at desktop (1280x720) 

    Error: browserType.launch: Executable doesn't exist at /Users/thomas.palmer/Library/Caches/ms-playwright/firefox-1495/firefox/Nightly.app/Contents/MacOS/firefox
    ╔═════════════════════════════════════════════════════════════════════════╗
    ║ Looks like Playwright Test or Playwright was just installed or updated. ║
    ║ Please run the following command to download new browsers:              ║
    ║                                                                         ║
    ║     npx playwright install                                              ║
    ║                                                                         ║
    ║ <3 Playwright Team                                                      ║
    ╚═════════════════════════════════════════════════════════════════════════╝
]]>
</failure>
</testcase>
<testcase name="Visual Regression - Responsive Breakpoints › Dashboard at wide (1920x1080)" classname="visual-regression.spec.ts" time="0.001">
<failure message="visual-regression.spec.ts:58:9 Dashboard at wide (1920x1080)" type="FAILURE">
<![CDATA[  [firefox] › visual-regression.spec.ts:58:9 › Visual Regression - Responsive Breakpoints › Dashboard at wide (1920x1080) 

    Error: browserType.launch: Executable doesn't exist at /Users/thomas.palmer/Library/Caches/ms-playwright/firefox-1495/firefox/Nightly.app/Contents/MacOS/firefox
    ╔═════════════════════════════════════════════════════════════════════════╗
    ║ Looks like Playwright Test or Playwright was just installed or updated. ║
    ║ Please run the following command to download new browsers:              ║
    ║                                                                         ║
    ║     npx playwright install                                              ║
    ║                                                                         ║
    ║ <3 Playwright Team                                                      ║
    ╚═════════════════════════════════════════════════════════════════════════╝
]]>
</failure>
</testcase>
<testcase name="Visual Regression - Interactive States › Button hover state should match snapshot" classname="visual-regression.spec.ts" time="0.001">
<failure message="visual-regression.spec.ts:79:7 Button hover state should match snapshot" type="FAILURE">
<![CDATA[  [firefox] › visual-regression.spec.ts:79:7 › Visual Regression - Interactive States › Button hover state should match snapshot 

    Error: browserType.launch: Executable doesn't exist at /Users/thomas.palmer/Library/Caches/ms-playwright/firefox-1495/firefox/Nightly.app/Contents/MacOS/firefox
    ╔═════════════════════════════════════════════════════════════════════════╗
    ║ Looks like Playwright Test or Playwright was just installed or updated. ║
    ║ Please run the following command to download new browsers:              ║
    ║                                                                         ║
    ║     npx playwright install                                              ║
    ║                                                                         ║
    ║ <3 Playwright Team                                                      ║
    ╚═════════════════════════════════════════════════════════════════════════╝
]]>
</failure>
</testcase>
<testcase name="Visual Regression - Interactive States › Input focus state should match snapshot" classname="visual-regression.spec.ts" time="0.001">
<failure message="visual-regression.spec.ts:96:7 Input focus state should match snapshot" type="FAILURE">
<![CDATA[  [firefox] › visual-regression.spec.ts:96:7 › Visual Regression - Interactive States › Input focus state should match snapshot 

    Error: browserType.launch: Executable doesn't exist at /Users/thomas.palmer/Library/Caches/ms-playwright/firefox-1495/firefox/Nightly.app/Contents/MacOS/firefox
    ╔═════════════════════════════════════════════════════════════════════════╗
    ║ Looks like Playwright Test or Playwright was just installed or updated. ║
    ║ Please run the following command to download new browsers:              ║
    ║                                                                         ║
    ║     npx playwright install                                              ║
    ║                                                                         ║
    ║ <3 Playwright Team                                                      ║
    ╚═════════════════════════════════════════════════════════════════════════╝
]]>
</failure>
</testcase>
<testcase name="Visual Regression - Theme Consistency › Color scheme should be consistent" classname="visual-regression.spec.ts" time="0.001">
<failure message="visual-regression.spec.ts:115:7 Color scheme should be consistent" type="FAILURE">
<![CDATA[  [firefox] › visual-regression.spec.ts:115:7 › Visual Regression - Theme Consistency › Color scheme should be consistent 

    Error: browserType.launch: Executable doesn't exist at /Users/thomas.palmer/Library/Caches/ms-playwright/firefox-1495/firefox/Nightly.app/Contents/MacOS/firefox
    ╔═════════════════════════════════════════════════════════════════════════╗
    ║ Looks like Playwright Test or Playwright was just installed or updated. ║
    ║ Please run the following command to download new browsers:              ║
    ║                                                                         ║
    ║     npx playwright install                                              ║
    ║                                                                         ║
    ║ <3 Playwright Team                                                      ║
    ╚═════════════════════════════════════════════════════════════════════════╝
]]>
</failure>
</testcase>
<testcase name="Visual Regression - Component Library › Cards should render consistently" classname="visual-regression.spec.ts" time="0.002">
<failure message="visual-regression.spec.ts:136:7 Cards should render consistently" type="FAILURE">
<![CDATA[  [firefox] › visual-regression.spec.ts:136:7 › Visual Regression - Component Library › Cards should render consistently 

    Error: browserType.launch: Executable doesn't exist at /Users/thomas.palmer/Library/Caches/ms-playwright/firefox-1495/firefox/Nightly.app/Contents/MacOS/firefox
    ╔═════════════════════════════════════════════════════════════════════════╗
    ║ Looks like Playwright Test or Playwright was just installed or updated. ║
    ║ Please run the following command to download new browsers:              ║
    ║                                                                         ║
    ║     npx playwright install                                              ║
    ║                                                                         ║
    ║ <3 Playwright Team                                                      ║
    ╚═════════════════════════════════════════════════════════════════════════╝
]]>
</failure>
</testcase>
<testcase name="Visual Regression - Component Library › Modals should render consistently" classname="visual-regression.spec.ts" time="0.002">
<failure message="visual-regression.spec.ts:153:7 Modals should render consistently" type="FAILURE">
<![CDATA[  [firefox] › visual-regression.spec.ts:153:7 › Visual Regression - Component Library › Modals should render consistently 

    Error: browserType.launch: Executable doesn't exist at /Users/thomas.palmer/Library/Caches/ms-playwright/firefox-1495/firefox/Nightly.app/Contents/MacOS/firefox
    ╔═════════════════════════════════════════════════════════════════════════╗
    ║ Looks like Playwright Test or Playwright was just installed or updated. ║
    ║ Please run the following command to download new browsers:              ║
    ║                                                                         ║
    ║     npx playwright install                                              ║
    ║                                                                         ║
    ║ <3 Playwright Team                                                      ║
    ╚═════════════════════════════════════════════════════════════════════════╝
]]>
</failure>
</testcase>
<testcase name="Visual Regression - Error States › 404 page should match snapshot" classname="visual-regression.spec.ts" time="0.001">
<failure message="visual-regression.spec.ts:185:7 404 page should match snapshot" type="FAILURE">
<![CDATA[  [firefox] › visual-regression.spec.ts:185:7 › Visual Regression - Error States › 404 page should match snapshot 

    Error: browserType.launch: Executable doesn't exist at /Users/thomas.palmer/Library/Caches/ms-playwright/firefox-1495/firefox/Nightly.app/Contents/MacOS/firefox
    ╔═════════════════════════════════════════════════════════════════════════╗
    ║ Looks like Playwright Test or Playwright was just installed or updated. ║
    ║ Please run the following command to download new browsers:              ║
    ║                                                                         ║
    ║     npx playwright install                                              ║
    ║                                                                         ║
    ║ <3 Playwright Team                                                      ║
    ╚═════════════════════════════════════════════════════════════════════════╝
]]>
</failure>
</testcase>
</testsuite>
<testsuite name="360-survey.spec.ts" timestamp="2025-12-04T00:48:50.622Z" hostname="webkit" tests="8" failures="8" skipped="0" time="0.015" errors="0">
<testcase name="360 Feedback Survey Workflow › should display dashboard" classname="360-survey.spec.ts" time="0.001">
<failure message="360-survey.spec.ts:12:7 should display dashboard" type="FAILURE">
<![CDATA[  [webkit] › 360-survey.spec.ts:12:7 › 360 Feedback Survey Workflow › should display dashboard ─────

    Error: browserType.launch: Executable doesn't exist at /Users/thomas.palmer/Library/Caches/ms-playwright/webkit-2215/pw_run.sh
    ╔═════════════════════════════════════════════════════════════════════════╗
    ║ Looks like Playwright Test or Playwright was just installed or updated. ║
    ║ Please run the following command to download new browsers:              ║
    ║                                                                         ║
    ║     npx playwright install                                              ║
    ║                                                                         ║
    ║ <3 Playwright Team                                                      ║
    ╚═════════════════════════════════════════════════════════════════════════╝
]]>
</failure>
</testcase>
<testcase name="360 Feedback Survey Workflow › should navigate through pages without errors" classname="360-survey.spec.ts" time="0.002">
<failure message="360-survey.spec.ts:18:7 should navigate through pages without errors" type="FAILURE">
<![CDATA[  [webkit] › 360-survey.spec.ts:18:7 › 360 Feedback Survey Workflow › should navigate through pages without errors 

    Error: browserType.launch: Executable doesn't exist at /Users/thomas.palmer/Library/Caches/ms-playwright/webkit-2215/pw_run.sh
    ╔═════════════════════════════════════════════════════════════════════════╗
    ║ Looks like Playwright Test or Playwright was just installed or updated. ║
    ║ Please run the following command to download new browsers:              ║
    ║                                                                         ║
    ║     npx playwright install                                              ║
    ║                                                                         ║
    ║ <3 Playwright Team                                                      ║
    ╚═════════════════════════════════════════════════════════════════════════╝
]]>
</failure>
</testcase>
<testcase name="360 Feedback Survey Workflow › should handle form interactions" classname="360-survey.spec.ts" time="0.001">
<failure message="360-survey.spec.ts:41:7 should handle form interactions" type="FAILURE">
<![CDATA[  [webkit] › 360-survey.spec.ts:41:7 › 360 Feedback Survey Workflow › should handle form interactions 

    Error: browserType.launch: Executable doesn't exist at /Users/thomas.palmer/Library/Caches/ms-playwright/webkit-2215/pw_run.sh
    ╔═════════════════════════════════════════════════════════════════════════╗
    ║ Looks like Playwright Test or Playwright was just installed or updated. ║
    ║ Please run the following command to download new browsers:              ║
    ║                                                                         ║
    ║     npx playwright install                                              ║
    ║                                                                         ║
    ║ <3 Playwright Team                                                      ║
    ╚═════════════════════════════════════════════════════════════════════════╝
]]>
</failure>
</testcase>
<testcase name="360 Feedback Survey Workflow › should have accessible navigation" classname="360-survey.spec.ts" time="0.003">
<failure message="360-survey.spec.ts:53:7 should have accessible navigation" type="FAILURE">
<![CDATA[  [webkit] › 360-survey.spec.ts:53:7 › 360 Feedback Survey Workflow › should have accessible navigation 

    Error: browserType.launch: Executable doesn't exist at /Users/thomas.palmer/Library/Caches/ms-playwright/webkit-2215/pw_run.sh
    ╔═════════════════════════════════════════════════════════════════════════╗
    ║ Looks like Playwright Test or Playwright was just installed or updated. ║
    ║ Please run the following command to download new browsers:              ║
    ║                                                                         ║
    ║     npx playwright install                                              ║
    ║                                                                         ║
    ║ <3 Playwright Team                                                      ║
    ╚═════════════════════════════════════════════════════════════════════════╝
]]>
</failure>
</testcase>
<testcase name="360 Feedback Survey Workflow › should not have broken images" classname="360-survey.spec.ts" time="0.003">
<failure message="360-survey.spec.ts:62:7 should not have broken images" type="FAILURE">
<![CDATA[  [webkit] › 360-survey.spec.ts:62:7 › 360 Feedback Survey Workflow › should not have broken images 

    Error: browserType.launch: Executable doesn't exist at /Users/thomas.palmer/Library/Caches/ms-playwright/webkit-2215/pw_run.sh
    ╔═════════════════════════════════════════════════════════════════════════╗
    ║ Looks like Playwright Test or Playwright was just installed or updated. ║
    ║ Please run the following command to download new browsers:              ║
    ║                                                                         ║
    ║     npx playwright install                                              ║
    ║                                                                         ║
    ║ <3 Playwright Team                                                      ║
    ╚═════════════════════════════════════════════════════════════════════════╝
]]>
</failure>
</testcase>
<testcase name="360 Feedback Survey Workflow › should have no critical accessibility violations" classname="360-survey.spec.ts" time="0.002">
<failure message="360-survey.spec.ts:78:7 should have no critical accessibility violations" type="FAILURE">
<![CDATA[  [webkit] › 360-survey.spec.ts:78:7 › 360 Feedback Survey Workflow › should have no critical accessibility violations 

    Error: browserType.launch: Executable doesn't exist at /Users/thomas.palmer/Library/Caches/ms-playwright/webkit-2215/pw_run.sh
    ╔═════════════════════════════════════════════════════════════════════════╗
    ║ Looks like Playwright Test or Playwright was just installed or updated. ║
    ║ Please run the following command to download new browsers:              ║
    ║                                                                         ║
    ║     npx playwright install                                              ║
    ║                                                                         ║
    ║ <3 Playwright Team                                                      ║
    ╚═════════════════════════════════════════════════════════════════════════╝
]]>
</failure>
</testcase>
<testcase name="Performance › should load within acceptable time" classname="360-survey.spec.ts" time="0.002">
<failure message="360-survey.spec.ts:93:7 should load within acceptable time" type="FAILURE">
<![CDATA[  [webkit] › 360-survey.spec.ts:93:7 › Performance › should load within acceptable time ────────────

    Error: browserType.launch: Executable doesn't exist at /Users/thomas.palmer/Library/Caches/ms-playwright/webkit-2215/pw_run.sh
    ╔═════════════════════════════════════════════════════════════════════════╗
    ║ Looks like Playwright Test or Playwright was just installed or updated. ║
    ║ Please run the following command to download new browsers:              ║
    ║                                                                         ║
    ║     npx playwright install                                              ║
    ║                                                                         ║
    ║ <3 Playwright Team                                                      ║
    ╚═════════════════════════════════════════════════════════════════════════╝
]]>
</failure>
</testcase>
<testcase name="Performance › should have reasonable LCP (Largest Contentful Paint)" classname="360-survey.spec.ts" time="0.001">
<failure message="360-survey.spec.ts:105:7 should have reasonable LCP (Largest Contentful Paint)" type="FAILURE">
<![CDATA[  [webkit] › 360-survey.spec.ts:105:7 › Performance › should have reasonable LCP (Largest Contentful Paint) 

    Error: browserType.launch: Executable doesn't exist at /Users/thomas.palmer/Library/Caches/ms-playwright/webkit-2215/pw_run.sh
    ╔═════════════════════════════════════════════════════════════════════════╗
    ║ Looks like Playwright Test or Playwright was just installed or updated. ║
    ║ Please run the following command to download new browsers:              ║
    ║                                                                         ║
[...]
<![CDATA[  [tablet] › accessibility.spec.ts:113:7 › Accessibility - WCAG 2.1 AA Compliance › Color contrast should meet WCAG AA standards 

    Error: browserType.launch: Executable doesn't exist at /Users/thomas.palmer/Library/Caches/ms-playwright/webkit-2215/pw_run.sh
    ╔═════════════════════════════════════════════════════════════════════════╗
    ║ Looks like Playwright Test or Playwright was just installed or updated. ║
    ║ Please run the following command to download new browsers:              ║
    ║                                                                         ║
    ║     npx playwright install                                              ║
    ║                                                                         ║
    ║ <3 Playwright Team                                                      ║
    ╚═════════════════════════════════════════════════════════════════════════╝
]]>
</failure>
</testcase>
<testcase name="Accessibility - WCAG 2.1 AA Compliance › Page should have proper heading hierarchy" classname="accessibility.spec.ts" time="0.002">
<failure message="accessibility.spec.ts:140:7 Page should have proper heading hierarchy" type="FAILURE">
<![CDATA[  [tablet] › accessibility.spec.ts:140:7 › Accessibility - WCAG 2.1 AA Compliance › Page should have proper heading hierarchy 

    Error: browserType.launch: Executable doesn't exist at /Users/thomas.palmer/Library/Caches/ms-playwright/webkit-2215/pw_run.sh
    ╔═════════════════════════════════════════════════════════════════════════╗
    ║ Looks like Playwright Test or Playwright was just installed or updated. ║
    ║ Please run the following command to download new browsers:              ║
    ║                                                                         ║
    ║     npx playwright install                                              ║
    ║                                                                         ║
    ║ <3 Playwright Team                                                      ║
    ╚═════════════════════════════════════════════════════════════════════════╝
]]>
</failure>
</testcase>
<testcase name="Accessibility - WCAG 2.1 AA Compliance › ARIA landmarks should be present" classname="accessibility.spec.ts" time="0.001">
<failure message="accessibility.spec.ts:168:7 ARIA landmarks should be present" type="FAILURE">
<![CDATA[  [tablet] › accessibility.spec.ts:168:7 › Accessibility - WCAG 2.1 AA Compliance › ARIA landmarks should be present 

    Error: browserType.launch: Executable doesn't exist at /Users/thomas.palmer/Library/Caches/ms-playwright/webkit-2215/pw_run.sh
    ╔═════════════════════════════════════════════════════════════════════════╗
    ║ Looks like Playwright Test or Playwright was just installed or updated. ║
    ║ Please run the following command to download new browsers:              ║
    ║                                                                         ║
    ║     npx playwright install                                              ║
    ║                                                                         ║
    ║ <3 Playwright Team                                                      ║
    ╚═════════════════════════════════════════════════════════════════════════╝
]]>
</failure>
</testcase>
<testcase name="Accessibility - WCAG 2.1 AA Compliance › Focus should be visible on interactive elements" classname="accessibility.spec.ts" time="0.001">
<failure message="accessibility.spec.ts:187:7 Focus should be visible on interactive elements" type="FAILURE">
<![CDATA[  [tablet] › accessibility.spec.ts:187:7 › Accessibility - WCAG 2.1 AA Compliance › Focus should be visible on interactive elements 

    Error: browserType.launch: Executable doesn't exist at /Users/thomas.palmer/Library/Caches/ms-playwright/webkit-2215/pw_run.sh
    ╔═════════════════════════════════════════════════════════════════════════╗
    ║ Looks like Playwright Test or Playwright was just installed or updated. ║
    ║ Please run the following command to download new browsers:              ║
    ║                                                                         ║
    ║     npx playwright install                                              ║
    ║                                                                         ║
    ║ <3 Playwright Team                                                      ║
    ╚═════════════════════════════════════════════════════════════════════════╝
]]>
</failure>
</testcase>
<testcase name="Accessibility - Mobile Responsiveness › Touch targets should be at least 44x44 pixels" classname="accessibility.spec.ts" time="0.001">
<failure message="accessibility.spec.ts:223:7 Touch targets should be at least 44x44 pixels" type="FAILURE">
<![CDATA[  [tablet] › accessibility.spec.ts:223:7 › Accessibility - Mobile Responsiveness › Touch targets should be at least 44x44 pixels 

    Error: browserType.launch: Executable doesn't exist at /Users/thomas.palmer/Library/Caches/ms-playwright/webkit-2215/pw_run.sh
    ╔═════════════════════════════════════════════════════════════════════════╗
    ║ Looks like Playwright Test or Playwright was just installed or updated. ║
    ║ Please run the following command to download new browsers:              ║
    ║                                                                         ║
    ║     npx playwright install                                              ║
    ║                                                                         ║
    ║ <3 Playwright Team                                                      ║
    ╚═════════════════════════════════════════════════════════════════════════╝
]]>
</failure>
</testcase>
</testsuite>
<testsuite name="visual-regression.spec.ts" timestamp="2025-12-04T00:48:50.622Z" hostname="tablet" tests="12" failures="12" skipped="0" time="0.014" errors="0">
<testcase name="Visual Regression - Dashboard › Dashboard layout should match snapshot" classname="visual-regression.spec.ts" time="0.001">
<failure message="visual-regression.spec.ts:20:7 Dashboard layout should match snapshot" type="FAILURE">
<![CDATA[  [tablet] › visual-regression.spec.ts:20:7 › Visual Regression - Dashboard › Dashboard layout should match snapshot 

    Error: browserType.launch: Executable doesn't exist at /Users/thomas.palmer/Library/Caches/ms-playwright/webkit-2215/pw_run.sh
    ╔═════════════════════════════════════════════════════════════════════════╗
    ║ Looks like Playwright Test or Playwright was just installed or updated. ║
    ║ Please run the following command to download new browsers:              ║
    ║                                                                         ║
    ║     npx playwright install                                              ║
    ║                                                                         ║
    ║ <3 Playwright Team                                                      ║
    ╚═════════════════════════════════════════════════════════════════════════╝
]]>
</failure>
</testcase>
<testcase name="Visual Regression - Dashboard › Navigation sidebar should match snapshot" classname="visual-regression.spec.ts" time="0.001">
<failure message="visual-regression.spec.ts:37:7 Navigation sidebar should match snapshot" type="FAILURE">
<![CDATA[  [tablet] › visual-regression.spec.ts:37:7 › Visual Regression - Dashboard › Navigation sidebar should match snapshot 

    Error: browserType.launch: Executable doesn't exist at /Users/thomas.palmer/Library/Caches/ms-playwright/webkit-2215/pw_run.sh
    ╔═════════════════════════════════════════════════════════════════════════╗
    ║ Looks like Playwright Test or Playwright was just installed or updated. ║
    ║ Please run the following command to download new browsers:              ║
    ║                                                                         ║
    ║     npx playwright install                                              ║
    ║                                                                         ║
    ║ <3 Playwright Team                                                      ║
    ╚═════════════════════════════════════════════════════════════════════════╝
]]>
</failure>
</testcase>
<testcase name="Visual Regression - Responsive Breakpoints › Dashboard at mobile (375x667)" classname="visual-regression.spec.ts" time="0.002">
<failure message="visual-regression.spec.ts:58:9 Dashboard at mobile (375x667)" type="FAILURE">
<![CDATA[  [tablet] › visual-regression.spec.ts:58:9 › Visual Regression - Responsive Breakpoints › Dashboard at mobile (375x667) 

    Error: browserType.launch: Executable doesn't exist at /Users/thomas.palmer/Library/Caches/ms-playwright/webkit-2215/pw_run.sh
    ╔═════════════════════════════════════════════════════════════════════════╗
    ║ Looks like Playwright Test or Playwright was just installed or updated. ║
    ║ Please run the following command to download new browsers:              ║
    ║                                                                         ║
    ║     npx playwright install                                              ║
    ║                                                                         ║
    ║ <3 Playwright Team                                                      ║
    ╚═════════════════════════════════════════════════════════════════════════╝
]]>
</failure>
</testcase>
<testcase name="Visual Regression - Responsive Breakpoints › Dashboard at tablet (768x1024)" classname="visual-regression.spec.ts" time="0.001">
<failure message="visual-regression.spec.ts:58:9 Dashboard at tablet (768x1024)" type="FAILURE">
<![CDATA[  [tablet] › visual-regression.spec.ts:58:9 › Visual Regression - Responsive Breakpoints › Dashboard at tablet (768x1024) 

    Error: browserType.launch: Executable doesn't exist at /Users/thomas.palmer/Library/Caches/ms-playwright/webkit-2215/pw_run.sh
    ╔═════════════════════════════════════════════════════════════════════════╗
    ║ Looks like Playwright Test or Playwright was just installed or updated. ║
    ║ Please run the following command to download new browsers:              ║
    ║                                                                         ║
    ║     npx playwright install                                              ║
    ║                                                                         ║
    ║ <3 Playwright Team                                                      ║
    ╚═════════════════════════════════════════════════════════════════════════╝
]]>
</failure>
</testcase>
<testcase name="Visual Regression - Responsive Breakpoints › Dashboard at desktop (1280x720)" classname="visual-regression.spec.ts" time="0.001">
<failure message="visual-regression.spec.ts:58:9 Dashboard at desktop (1280x720)" type="FAILURE">
<![CDATA[  [tablet] › visual-regression.spec.ts:58:9 › Visual Regression - Responsive Breakpoints › Dashboard at desktop (1280x720) 

    Error: browserType.launch: Executable doesn't exist at /Users/thomas.palmer/Library/Caches/ms-playwright/webkit-2215/pw_run.sh
    ╔═════════════════════════════════════════════════════════════════════════╗
    ║ Looks like Playwright Test or Playwright was just installed or updated. ║
    ║ Please run the following command to download new browsers:              ║
    ║                                                                         ║
    ║     npx playwright install                                              ║
    ║                                                                         ║
    ║ <3 Playwright Team                                                      ║
    ╚═════════════════════════════════════════════════════════════════════════╝
]]>
</failure>
</testcase>
<testcase name="Visual Regression - Responsive Breakpoints › Dashboard at wide (1920x1080)" classname="visual-regression.spec.ts" time="0.001">
<failure message="visual-regression.spec.ts:58:9 Dashboard at wide (1920x1080)" type="FAILURE">
<![CDATA[  [tablet] › visual-regression.spec.ts:58:9 › Visual Regression - Responsive Breakpoints › Dashboard at wide (1920x1080) 

    Error: browserType.launch: Executable doesn't exist at /Users/thomas.palmer/Library/Caches/ms-playwright/webkit-2215/pw_run.sh
    ╔═════════════════════════════════════════════════════════════════════════╗
    ║ Looks like Playwright Test or Playwright was just installed or updated. ║
    ║ Please run the following command to download new browsers:              ║
    ║                                                                         ║
    ║     npx playwright install                                              ║
    ║                                                                         ║
    ║ <3 Playwright Team                                                      ║
    ╚═════════════════════════════════════════════════════════════════════════╝
]]>
</failure>
</testcase>
<testcase name="Visual Regression - Interactive States › Button hover state should match snapshot" classname="visual-regression.spec.ts" time="0.001">
<failure message="visual-regression.spec.ts:79:7 Button hover state should match snapshot" type="FAILURE">
<![CDATA[  [tablet] › visual-regression.spec.ts:79:7 › Visual Regression - Interactive States › Button hover state should match snapshot 

    Error: browserType.launch: Executable doesn't exist at /Users/thomas.palmer/Library/Caches/ms-playwright/webkit-2215/pw_run.sh
    ╔═════════════════════════════════════════════════════════════════════════╗
    ║ Looks like Playwright Test or Playwright was just installed or updated. ║
    ║ Please run the following command to download new browsers:              ║
    ║                                                                         ║
    ║     npx playwright install                                              ║
    ║                                                                         ║
    ║ <3 Playwright Team                                                      ║
    ╚═════════════════════════════════════════════════════════════════════════╝
]]>
</failure>
</testcase>
<testcase name="Visual Regression - Interactive States › Input focus state should match snapshot" classname="visual-regression.spec.ts" time="0.001">
<failure message="visual-regression.spec.ts:96:7 Input focus state should match snapshot" type="FAILURE">
<![CDATA[  [tablet] › visual-regression.spec.ts:96:7 › Visual Regression - Interactive States › Input focus state should match snapshot 

    Error: browserType.launch: Executable doesn't exist at /Users/thomas.palmer/Library/Caches/ms-playwright/webkit-2215/pw_run.sh
    ╔═════════════════════════════════════════════════════════════════════════╗
    ║ Looks like Playwright Test or Playwright was just installed or updated. ║
    ║ Please run the following command to download new browsers:              ║
    ║                                                                         ║
    ║     npx playwright install                                              ║
    ║                                                                         ║
    ║ <3 Playwright Team                                                      ║
    ╚═════════════════════════════════════════════════════════════════════════╝
]]>
</failure>
</testcase>
<testcase name="Visual Regression - Theme Consistency › Color scheme should be consistent" classname="visual-regression.spec.ts" time="0.001">
<failure message="visual-regression.spec.ts:115:7 Color scheme should be consistent" type="FAILURE">
<![CDATA[  [tablet] › visual-regression.spec.ts:115:7 › Visual Regression - Theme Consistency › Color scheme should be consistent 

    Error: browserType.launch: Executable doesn't exist at /Users/thomas.palmer/Library/Caches/ms-playwright/webkit-2215/pw_run.sh
    ╔═════════════════════════════════════════════════════════════════════════╗
    ║ Looks like Playwright Test or Playwright was just installed or updated. ║
    ║ Please run the following command to download new browsers:              ║
    ║                                                                         ║
    ║     npx playwright install                                              ║
    ║                                                                         ║
    ║ <3 Playwright Team                                                      ║
    ╚═════════════════════════════════════════════════════════════════════════╝
]]>
</failure>
</testcase>
<testcase name="Visual Regression - Component Library › Cards should render consistently" classname="visual-regression.spec.ts" time="0.001">
<failure message="visual-regression.spec.ts:136:7 Cards should render consistently" type="FAILURE">
<![CDATA[  [tablet] › visual-regression.spec.ts:136:7 › Visual Regression - Component Library › Cards should render consistently 

    Error: browserType.launch: Executable doesn't exist at /Users/thomas.palmer/Library/Caches/ms-playwright/webkit-2215/pw_run.sh
    ╔═════════════════════════════════════════════════════════════════════════╗
    ║ Looks like Playwright Test or Playwright was just installed or updated. ║
    ║ Please run the following command to download new browsers:              ║
    ║                                                                         ║
    ║     npx playwright install                                              ║
    ║                                                                         ║
    ║ <3 Playwright Team                                                      ║
    ╚═════════════════════════════════════════════════════════════════════════╝
]]>
</failure>
</testcase>
<testcase name="Visual Regression - Component Library › Modals should render consistently" classname="visual-regression.spec.ts" time="0.002">
<failure message="visual-regression.spec.ts:153:7 Modals should render consistently" type="FAILURE">
<![CDATA[  [tablet] › visual-regression.spec.ts:153:7 › Visual Regression - Component Library › Modals should render consistently 

    Error: browserType.launch: Executable doesn't exist at /Users/thomas.palmer/Library/Caches/ms-playwright/webkit-2215/pw_run.sh
    ╔═════════════════════════════════════════════════════════════════════════╗
    ║ Looks like Playwright Test or Playwright was just installed or updated. ║
    ║ Please run the following command to download new browsers:              ║
    ║                                                                         ║
    ║     npx playwright install                                              ║
    ║                                                                         ║
    ║ <3 Playwright Team                                                      ║
    ╚═════════════════════════════════════════════════════════════════════════╝
]]>
</failure>
</testcase>
<testcase name="Visual Regression - Error States › 404 page should match snapshot" classname="visual-regression.spec.ts" time="0.001">
<failure message="visual-regression.spec.ts:185:7 404 page should match snapshot" type="FAILURE">
<![CDATA[  [tablet] › visual-regression.spec.ts:185:7 › Visual Regression - Error States › 404 page should match snapshot 

    Error: browserType.launch: Executable doesn't exist at /Users/thomas.palmer/Library/Caches/ms-playwright/webkit-2215/pw_run.sh
    ╔═════════════════════════════════════════════════════════════════════════╗
    ║ Looks like Playwright Test or Playwright was just installed or updated. ║
    ║ Please run the following command to download new browsers:              ║
    ║                                                                         ║
    ║     npx playwright install                                              ║
    ║                                                                         ║
    ║ <3 Playwright Team                                                      ║
    ╚═════════════════════════════════════════════════════════════════════════╝
]]>
</failure>
</testcase>
</testsuite>
</testsuites>